<?xml version="1.0" encoding="UTF-8"?>
<!-- Generated by org.testng.reporters.JUnitXMLReporter -->
<testsuite ignored="0" hostname="LAPTOP-5K0L5HJ5" failures="0" tests="12" name="Default test" time="41.636" errors="0" timestamp="2025-09-08T18:01:40 IST">
  <testcase classname="maintest.AllTest1" name="registration" time="4.561"/>
  <testcase classname="maintest.AllTest1" name="logoutandlogin" time="4.844"/>
  <testcase classname="maintest.AllTest1" name="filladdress" time="7.041"/>
  <testcase classname="maintest.AllTest1" name="compareandwishlist" time="5.602"/>
  <testcase classname="maintest.AllTest1" name="addtocart" time="4.977"/>
  <testcase classname="maintest.AllTest1" name="gotocart" time="1.328"/>
  <testcase classname="maintest.AllTest1" name="checkout" time="1.704"/>
  <testcase classname="maintest.AllTest1" name="billingaddress" time="0.351"/>
  <testcase classname="maintest.AllTest1" name="shipping" time="0.592"/>
  <testcase classname="maintest.AllTest1" name="payment" time="0.73"/>
  <testcase classname="maintest.AllTest1" name="paymentinfo" time="0.541"/>
  <testcase classname="maintest.AllTest1" name="orderconfirm" time="0.806"/>
</testsuite> <!-- Default test -->
