<?xml version="1.0" encoding="UTF-8"?>
<!-- Generated by org.testng.reporters.JUnitXMLReporter -->
<testsuite ignored="0" hostname="LAPTOP-5K0L5HJ5" failures="0" tests="12" name="Test" time="50.994" errors="0" timestamp="2025-09-11T23:24:34 IST">
  <testcase classname="maintest.AllTest1" name="registration" time="7.43"/>
  <testcase classname="maintest.AllTest1" name="logoutandlogin" time="4.836"/>
  <testcase classname="maintest.AllTest1" name="filladdress" time="11.878"/>
  <testcase classname="maintest.AllTest1" name="compareandwishlist" time="8.228"/>
  <testcase classname="maintest.AllTest1" name="addtocart" time="5.05"/>
  <testcase classname="maintest.AllTest1" name="gotocart" time="2.128"/>
  <testcase classname="maintest.AllTest1" name="checkout" time="0.354"/>
  <testcase classname="maintest.AllTest1" name="billingaddress" time="2.473"/>
  <testcase classname="maintest.AllTest1" name="shipping" time="0.516"/>
  <testcase classname="maintest.AllTest1" name="payment" time="0.556"/>
  <testcase classname="maintest.AllTest1" name="paymentinfo" time="0.69"/>
  <testcase classname="maintest.AllTest1" name="orderconfirm" time="0.661"/>
</testsuite> <!-- Test -->
