<?xml version="1.0" encoding="UTF-8"?>
<testng-results ignored="0" total="12" passed="12" failed="0" skipped="0">
  <reporter-output>
  </reporter-output>
  <suite started-at="2025-09-11T23:23:43 IST" name="Suite" finished-at="2025-09-11T23:24:34 IST" duration-ms="50994">
    <groups>
    </groups>
    <test started-at="2025-09-11T23:23:43 IST" name="Test" finished-at="2025-09-11T23:24:34 IST" duration-ms="50994">
      <class name="maintest.AllTest1">
        <test-method is-config="true" signature="setUp()[pri:0, instance:maintest.AllTest1@302552ec]" started-at="2025-09-11T23:23:43 IST" name="setUp" finished-at="2025-09-11T23:23:48 IST" duration-ms="5183" status="PASS">
          <reporter-output>
          </reporter-output>
        </test-method> <!-- setUp -->
        <test-method signature="registration()[pri:1, instance:maintest.AllTest1@302552ec]" started-at="2025-09-11T23:23:48 IST" name="registration" finished-at="2025-09-11T23:23:55 IST" duration-ms="7430" status="PASS">
          <reporter-output>
          </reporter-output>
        </test-method> <!-- registration -->
        <test-method signature="logoutandlogin()[pri:2, instance:maintest.AllTest1@302552ec]" started-at="2025-09-11T23:23:55 IST" name="logoutandlogin" finished-at="2025-09-11T23:24:00 IST" duration-ms="4836" status="PASS">
          <reporter-output>
          </reporter-output>
        </test-method> <!-- logoutandlogin -->
        <test-method signature="filladdress()[pri:3, instance:maintest.AllTest1@302552ec]" started-at="2025-09-11T23:24:00 IST" name="filladdress" finished-at="2025-09-11T23:24:12 IST" duration-ms="11878" status="PASS">
          <reporter-output>
          </reporter-output>
        </test-method> <!-- filladdress -->
        <test-method signature="compareandwishlist()[pri:4, instance:maintest.AllTest1@302552ec]" started-at="2025-09-11T23:24:12 IST" name="compareandwishlist" finished-at="2025-09-11T23:24:20 IST" duration-ms="8228" status="PASS">
          <reporter-output>
          </reporter-output>
        </test-method> <!-- compareandwishlist -->
        <test-method signature="addtocart()[pri:5, instance:maintest.AllTest1@302552ec]" started-at="2025-09-11T23:24:20 IST" name="addtocart" finished-at="2025-09-11T23:24:26 IST" duration-ms="5050" status="PASS">
          <reporter-output>
          </reporter-output>
        </test-method> <!-- addtocart -->
        <test-method signature="gotocart()[pri:6, instance:maintest.AllTest1@302552ec]" started-at="2025-09-11T23:24:26 IST" name="gotocart" finished-at="2025-09-11T23:24:28 IST" duration-ms="2128" status="PASS">
          <reporter-output>
          </reporter-output>
        </test-method> <!-- gotocart -->
        <test-method signature="checkout()[pri:7, instance:maintest.AllTest1@302552ec]" started-at="2025-09-11T23:24:28 IST" name="checkout" finished-at="2025-09-11T23:24:28 IST" duration-ms="354" status="PASS">
          <reporter-output>
          </reporter-output>
        </test-method> <!-- checkout -->
        <test-method signature="billingaddress()[pri:8, instance:maintest.AllTest1@302552ec]" started-at="2025-09-11T23:24:28 IST" name="billingaddress" finished-at="2025-09-11T23:24:30 IST" duration-ms="2473" status="PASS">
          <reporter-output>
          </reporter-output>
        </test-method> <!-- billingaddress -->
        <test-method signature="shipping()[pri:9, instance:maintest.AllTest1@302552ec]" started-at="2025-09-11T23:24:31 IST" name="shipping" finished-at="2025-09-11T23:24:31 IST" duration-ms="516" status="PASS">
          <reporter-output>
          </reporter-output>
        </test-method> <!-- shipping -->
        <test-method signature="payment()[pri:10, instance:maintest.AllTest1@302552ec]" started-at="2025-09-11T23:24:31 IST" name="payment" finished-at="2025-09-11T23:24:32 IST" duration-ms="556" status="PASS">
          <reporter-output>
          </reporter-output>
        </test-method> <!-- payment -->
        <test-method signature="paymentinfo()[pri:11, instance:maintest.AllTest1@302552ec]" started-at="2025-09-11T23:24:32 IST" name="paymentinfo" finished-at="2025-09-11T23:24:32 IST" duration-ms="690" status="PASS">
          <reporter-output>
          </reporter-output>
        </test-method> <!-- paymentinfo -->
        <test-method signature="orderconfirm()[pri:12, instance:maintest.AllTest1@302552ec]" started-at="2025-09-11T23:24:32 IST" name="orderconfirm" finished-at="2025-09-11T23:24:33 IST" duration-ms="661" status="PASS">
          <reporter-output>
          </reporter-output>
        </test-method> <!-- orderconfirm -->
        <test-method is-config="true" signature="tearDown()[pri:0, instance:maintest.AllTest1@302552ec]" started-at="2025-09-11T23:24:33 IST" name="tearDown" finished-at="2025-09-11T23:24:34 IST" duration-ms="745" status="PASS">
          <reporter-output>
          </reporter-output>
        </test-method> <!-- tearDown -->
      </class> <!-- maintest.AllTest1 -->
    </test> <!-- Test -->
  </suite> <!-- Suite -->
</testng-results>
